<?xml version="1.0" encoding="UTF-8"?>
<!-- Generated by org.testng.reporters.JUnitXMLReporter -->
<testsuite hostname="sangre" name="Command line test" tests="11" failures="0" timestamp="2 Feb 2014 17:21:04 GMT" time="0.657" errors="0">
  <testcase name="testFirstContainer" time="0.0080" classname="guice.TestGuice"/>
  <testcase name="testMilinPostConstruct" time="0.134" classname="guice.TestGuice"/>
  <testcase name="testMilinPreDestroy" time="0.029" classname="guice.TestGuice"/>
  <testcase name="testNonSingletonContainer" time="0.0010" classname="guice.TestGuice"/>
  <testcase name="testNonSingletonResource" time="0.0010" classname="guice.TestGuice"/>
  <testcase name="testPostConstruct" time="0.0010" classname="guice.TestGuice"/>
  <testcase name="testPreDestroy" time="0.0010" classname="guice.TestGuice"/>
  <testcase name="testPropertyInjection" time="0.0090" classname="guice.TestGuice"/>
  <testcase name="testSecondContainer" time="0.0010" classname="guice.TestGuice"/>
  <testcase name="testSingletonContainer" time="0.0" classname="guice.TestGuice"/>
  <testcase name="testSingletonResource" time="0.0" classname="guice.TestGuice"/>
</testsuite>
