<?xml version="1.0" encoding="UTF-8"?>
<testng-results skipped="0" failed="0" total="11" passed="11">
  <reporter-output>
  </reporter-output>
  <suite name="Command line suite" duration-ms="657" started-at="2014-02-02T19:21:04Z" finished-at="2014-02-02T19:21:04Z">
    <groups>
    </groups>
    <test name="Command line test" duration-ms="657" started-at="2014-02-02T19:21:04Z" finished-at="2014-02-02T19:21:04Z">
      <class name="guice.TestGuice">
        <test-method status="PASS" signature="setUp()[pri:0, instance:guice.TestGuice@6d62dbb6]" name="setUp" is-config="true" duration-ms="327" started-at="2014-02-02T19:21:04Z" finished-at="2014-02-02T19:21:04Z">
        </test-method>
        <test-method status="PASS" signature="testFirstContainer()[pri:0, instance:guice.TestGuice@6d62dbb6]" name="testFirstContainer" duration-ms="8" started-at="2014-02-02T19:21:04Z" finished-at="2014-02-02T19:21:04Z">
        </test-method>
        <test-method status="PASS" signature="setUp()[pri:0, instance:guice.TestGuice@6d62dbb6]" name="setUp" is-config="true" duration-ms="11" started-at="2014-02-02T19:21:04Z" finished-at="2014-02-02T19:21:04Z">
        </test-method>
        <test-method status="PASS" signature="testMilinPostConstruct()[pri:0, instance:guice.TestGuice@6d62dbb6]" name="testMilinPostConstruct" duration-ms="134" started-at="2014-02-02T19:21:04Z" finished-at="2014-02-02T19:21:04Z">
        </test-method>
        <test-method status="PASS" signature="setUp()[pri:0, instance:guice.TestGuice@6d62dbb6]" name="setUp" is-config="true" duration-ms="11" started-at="2014-02-02T19:21:04Z" finished-at="2014-02-02T19:21:04Z">
        </test-method>
        <test-method status="PASS" signature="testMilinPreDestroy()[pri:0, instance:guice.TestGuice@6d62dbb6]" name="testMilinPreDestroy" duration-ms="29" started-at="2014-02-02T19:21:04Z" finished-at="2014-02-02T19:21:04Z">
        </test-method>
        <test-method status="PASS" signature="setUp()[pri:0, instance:guice.TestGuice@6d62dbb6]" name="setUp" is-config="true" duration-ms="13" started-at="2014-02-02T19:21:04Z" finished-at="2014-02-02T19:21:04Z">
        </test-method>
        <test-method status="PASS" signature="testNonSingletonContainer()[pri:0, instance:guice.TestGuice@6d62dbb6]" name="testNonSingletonContainer" duration-ms="1" started-at="2014-02-02T19:21:04Z" finished-at="2014-02-02T19:21:04Z">
        </test-method>
        <test-method status="PASS" signature="setUp()[pri:0, instance:guice.TestGuice@6d62dbb6]" name="setUp" is-config="true" duration-ms="12" started-at="2014-02-02T19:21:04Z" finished-at="2014-02-02T19:21:04Z">
        </test-method>
        <test-method status="PASS" signature="testNonSingletonResource()[pri:0, instance:guice.TestGuice@6d62dbb6]" name="testNonSingletonResource" duration-ms="1" started-at="2014-02-02T19:21:04Z" finished-at="2014-02-02T19:21:04Z">
        </test-method>
        <test-method status="PASS" signature="setUp()[pri:0, instance:guice.TestGuice@6d62dbb6]" name="setUp" is-config="true" duration-ms="13" started-at="2014-02-02T19:21:04Z" finished-at="2014-02-02T19:21:04Z">
        </test-method>
        <test-method status="PASS" signature="testPostConstruct()[pri:0, instance:guice.TestGuice@6d62dbb6]" name="testPostConstruct" duration-ms="1" started-at="2014-02-02T19:21:04Z" finished-at="2014-02-02T19:21:04Z">
        </test-method>
        <test-method status="PASS" signature="setUp()[pri:0, instance:guice.TestGuice@6d62dbb6]" name="setUp" is-config="true" duration-ms="10" started-at="2014-02-02T19:21:04Z" finished-at="2014-02-02T19:21:04Z">
        </test-method>
        <test-method status="PASS" signature="testPreDestroy()[pri:0, instance:guice.TestGuice@6d62dbb6]" name="testPreDestroy" duration-ms="1" started-at="2014-02-02T19:21:04Z" finished-at="2014-02-02T19:21:04Z">
        </test-method>
        <test-method status="PASS" signature="setUp()[pri:0, instance:guice.TestGuice@6d62dbb6]" name="setUp" is-config="true" duration-ms="11" started-at="2014-02-02T19:21:04Z" finished-at="2014-02-02T19:21:04Z">
        </test-method>
        <test-method status="PASS" signature="testPropertyInjection()[pri:0, instance:guice.TestGuice@6d62dbb6]" name="testPropertyInjection" duration-ms="9" started-at="2014-02-02T19:21:04Z" finished-at="2014-02-02T19:21:04Z">
        </test-method>
        <test-method status="PASS" signature="setUp()[pri:0, instance:guice.TestGuice@6d62dbb6]" name="setUp" is-config="true" duration-ms="12" started-at="2014-02-02T19:21:04Z" finished-at="2014-02-02T19:21:04Z">
        </test-method>
        <test-method status="PASS" signature="testSecondContainer()[pri:0, instance:guice.TestGuice@6d62dbb6]" name="testSecondContainer" duration-ms="1" started-at="2014-02-02T19:21:04Z" finished-at="2014-02-02T19:21:04Z">
        </test-method>
        <test-method status="PASS" signature="setUp()[pri:0, instance:guice.TestGuice@6d62dbb6]" name="setUp" is-config="true" duration-ms="16" started-at="2014-02-02T19:21:04Z" finished-at="2014-02-02T19:21:04Z">
        </test-method>
        <test-method status="PASS" signature="testSingletonContainer()[pri:0, instance:guice.TestGuice@6d62dbb6]" name="testSingletonContainer" duration-ms="0" started-at="2014-02-02T19:21:04Z" finished-at="2014-02-02T19:21:04Z">
        </test-method>
        <test-method status="PASS" signature="setUp()[pri:0, instance:guice.TestGuice@6d62dbb6]" name="setUp" is-config="true" duration-ms="12" started-at="2014-02-02T19:21:04Z" finished-at="2014-02-02T19:21:04Z">
        </test-method>
        <test-method status="PASS" signature="testSingletonResource()[pri:0, instance:guice.TestGuice@6d62dbb6]" name="testSingletonResource" duration-ms="0" started-at="2014-02-02T19:21:04Z" finished-at="2014-02-02T19:21:04Z">
        </test-method>
      </class>
    </test>
  </suite>
</testng-results>
